Lab4/app/build/intermediates/manifest_merge_blame_file/debug/manifest-merger-blame-debug-report.txt
1<?xml version="1.0" encoding="utf-8"?>
2<manifest xmlns:android="http://schemas.android.com/apk/res/android"
3    package="ca.yorku.eecs.mack.demotiltball"
4    android:versionCode="1"
5    android:versionName="1.0" >
6
7    <uses-sdk
8        android:minSdkVersion="13"
8-->src/main/AndroidManifest.xml
9        android:targetSdkVersion="27" />
9-->src/main/AndroidManifest.xml
10
11    <uses-permission android:name="android.permission.VIBRATE" >
11-->src/main/AndroidManifest.xml:7:5-8:23
11-->src/main/AndroidManifest.xml:7:22-63
12    </uses-permission>
13
14    <application
14-->src/main/AndroidManifest.xml:10:5-34:19
15        android:allowBackup="false"
15-->src/main/AndroidManifest.xml:11:9-36
16        android:debuggable="true"
17        android:icon="@mipmap/ic_launcher"
17-->src/main/AndroidManifest.xml:12:9-43
18        android:label="@string/app_name"
18-->src/main/AndroidManifest.xml:13:9-41
19        android:testOnly="true"
20        android:theme="@android:style/Theme.NoTitleBar.Fullscreen" >
20-->src/main/AndroidManifest.xml:14:9-67
21        <activity
21-->src/main/AndroidManifest.xml:15:9-23:20
22            android:name="ca.yorku.eecs.mack.demotiltball46880.DemoTiltBallSetup"
22-->src/main/AndroidManifest.xml:16:13-82
23            android:label="@string/app_name" >
23-->src/main/AndroidManifest.xml:17:13-45
24            <intent-filter>
24-->src/main/AndroidManifest.xml:18:13-22:29
25                <action android:name="android.intent.action.MAIN" />
25-->src/main/AndroidManifest.xml:19:17-69
25-->src/main/AndroidManifest.xml:19:25-66
26                <action android:name="android.intent.action.VIEW" />
26-->src/main/AndroidManifest.xml:20:17-69
26-->src/main/AndroidManifest.xml:20:25-66
27
28                <category android:name="android.intent.category.LAUNCHER" />
28-->src/main/AndroidManifest.xml:21:17-77
28-->src/main/AndroidManifest.xml:21:27-74
29            </intent-filter>
30        </activity>
31        <activity
31-->src/main/AndroidManifest.xml:24:9-28:20
32            android:name="ca.yorku.eecs.mack.demotiltball46880.DemoTiltBall46880Activity"
32-->src/main/AndroidManifest.xml:25:13-90
33            android:label="@string/app_name"
33-->src/main/AndroidManifest.xml:26:13-45
34            android:theme="@android:style/Theme.NoTitleBar.Fullscreen" >
34-->src/main/AndroidManifest.xml:27:13-71
35        </activity>
36        <activity
36-->src/main/AndroidManifest.xml:29:9-33:20
37            android:name="ca.yorku.eecs.mack.demotiltball46880.ResultActivity"
37-->src/main/AndroidManifest.xml:30:13-79
38            android:label="@string/app_name"
38-->src/main/AndroidManifest.xml:31:13-45
39            android:theme="@android:style/Theme.NoTitleBar.Fullscreen" >
39-->src/main/AndroidManifest.xml:32:13-71
40        </activity>
41    </application>
42
43</manifest>